[    0.000000] Initializing cgroup subsys cpuset
[    0.000000] Initializing cgroup subsys cpu
[    0.000000] Initializing cgroup subsys cpuacct
[    0.000000] Linux version 4.4.0-77-generic (buildd@lgw01-59) (gcc version 5.4.0 20160609 (Ubuntu 5.4.0-6ubuntu1~16.04.4) ) #98-Ubuntu SMP Wed Apr 26 08:34:02 UTC 2017 (Ubuntu 4.4.0-77.98-generic 4.4.59)
[    0.000000] Command line: BOOT_IMAGE=/boot/vmlinuz-4.4.0-77-generic root=LABEL=cloudimg-rootfs ro console=tty1 console=ttyS0
[    0.000000] KERNEL supported cpus:
[    0.000000]   Intel GenuineIntel
[    0.000000]   AMD AuthenticAMD
[    0.000000]   Centaur CentaurHauls
[    0.000000] x86/fpu: xstate_offset[2]:  576, xstate_sizes[2]:  256
[    0.000000] x86/fpu: Supporting XSAVE feature 0x01: 'x87 floating point registers'
[    0.000000] x86/fpu: Supporting XSAVE feature 0x02: 'SSE registers'
[    0.000000] x86/fpu: Supporting XSAVE feature 0x04: 'AVX registers'
[    0.000000] x86/fpu: Enabled xstate features 0x7, context size is 832 bytes, using 'standard' format.
[    0.000000] x86/fpu: Using 'lazy' FPU context switches.
[    0.000000] e820: BIOS-provided physical RAM map:
[    0.000000] BIOS-e820: [mem 0x0000000000000000-0x000000000009fbff] usable
[    0.000000] BIOS-e820: [mem 0x000000000009fc00-0x000000000009ffff] reserved
[    0.000000] BIOS-e820: [mem 0x00000000000f0000-0x00000000000fffff] reserved
[    0.000000] BIOS-e820: [mem 0x0000000000100000-0x000000003ffeffff] usable
[    0.000000] BIOS-e820: [mem 0x000000003fff0000-0x000000003fffffff] ACPI data
[    0.000000] BIOS-e820: [mem 0x00000000fec00000-0x00000000fec00fff] reserved
[    0.000000] BIOS-e820: [mem 0x00000000fee00000-0x00000000fee00fff] reserved
[    0.000000] BIOS-e820: [mem 0x00000000fffc0000-0x00000000ffffffff] reserved
[    0.000000] NX (Execute Disable) protection: active
[    0.000000] SMBIOS 2.5 present.
[    0.000000] Hypervisor detected: KVM
[    0.000000] e820: last_pfn = 0x3fff0 max_arch_pfn = 0x400000000
[    0.000000] MTRR: Disabled
[    0.000000] x86/PAT: MTRRs disabled, skipping PAT initialization too.
[    0.000000] x86/PAT: Configuration [0-7]: WB  WT  UC- UC  WB  WT  UC- UC  
[    0.000000] CPU MTRRs all blank - virtualized system.
[    0.000000] found SMP MP-table at [mem 0x0009fff0-0x0009ffff] mapped at [ffff88000009fff0]
[    0.000000] Scanning 1 areas for low memory corruption
[    0.000000] RAMDISK: [mem 0x36ad4000-0x37561fff]
[    0.000000] ACPI: Early table checksum verification disabled
[    0.000000] ACPI: RSDP 0x00000000000E0000 000024 (v02 VBOX  )
[    0.000000] ACPI: XSDT 0x000000003FFF0030 00003C (v01 VBOX   VBOXXSDT 00000001 ASL  00000061)
[    0.000000] ACPI: FACP 0x000000003FFF00F0 0000F4 (v04 VBOX   VBOXFACP 00000001 ASL  00000061)
[    0.000000] ACPI: DSDT 0x000000003FFF0470 0021C8 (v02 VBOX   VBOXBIOS 00000002 INTL 20100528)
[    0.000000] ACPI: FACS 0x000000003FFF0200 000040
[    0.000000] ACPI: FACS 0x000000003FFF0200 000040
[    0.000000] ACPI: APIC 0x000000003FFF0240 00005C (v02 VBOX   VBOXAPIC 00000001 ASL  00000061)
[    0.000000] ACPI: SSDT 0x000000003FFF02A0 0001CC (v01 VBOX   VBOXCPUT 00000002 INTL 20100528)
[    0.000000] No NUMA configuration found
[    0.000000] Faking a node at [mem 0x0000000000000000-0x000000003ffeffff]
[    0.000000] NODE_DATA(0) allocated [mem 0x3ffeb000-0x3ffeffff]
[    0.000000] kvm-clock: Using msrs 4b564d01 and 4b564d00
[    0.000000] kvm-clock: cpu 0, msr 0:3ffe3001, primary cpu clock
[    0.000000] kvm-clock: using sched offset of 2905504118 cycles
[    0.000000] clocksource: kvm-clock: mask: 0xffffffffffffffff max_cycles: 0x1cd42e4dffb, max_idle_ns: 881590591483 ns
[    0.000000] Zone ranges:
[    0.000000]   DMA      [mem 0x0000000000001000-0x0000000000ffffff]
[    0.000000]   DMA32    [mem 0x0000000001000000-0x000000003ffeffff]
[    0.000000]   Normal   empty
[    0.000000]   Device   empty
[    0.000000] Movable zone start for each node
[    0.000000] Early memory node ranges
[    0.000000]   node   0: [mem 0x0000000000001000-0x000000000009efff]
[    0.000000]   node   0: [mem 0x0000000000100000-0x000000003ffeffff]
[    0.000000] Initmem setup node 0 [mem 0x0000000000001000-0x000000003ffeffff]
[    0.000000] ACPI: PM-Timer IO Port: 0x4008
[    0.000000] IOAPIC[0]: apic_id 2, version 32, address 0xfec00000, GSI 0-23
[    0.000000] ACPI: INT_SRC_OVR (bus 0 bus_irq 0 global_irq 2 dfl dfl)
[    0.000000] ACPI: INT_SRC_OVR (bus 0 bus_irq 9 global_irq 9 high level)
[    0.000000] Using ACPI (MADT) for SMP configuration information
[    0.000000] smpboot: Allowing 2 CPUs, 0 hotplug CPUs
[    0.000000] PM: Registered nosave memory: [mem 0x00000000-0x00000fff]
[    0.000000] PM: Registered nosave memory: [mem 0x0009f000-0x0009ffff]
[    0.000000] PM: Registered nosave memory: [mem 0x000a0000-0x000effff]
[    0.000000] PM: Registered nosave memory: [mem 0x000f0000-0x000fffff]
[    0.000000] e820: [mem 0x40000000-0xfebfffff] available for PCI devices
[    0.000000] Booting paravirtualized kernel on KVM
[    0.000000] clocksource: refined-jiffies: mask: 0xffffffff max_cycles: 0xffffffff, max_idle_ns: 7645519600211568 ns
[    0.000000] setup_percpu: NR_CPUS:512 nr_cpumask_bits:512 nr_cpu_ids:2 nr_node_ids:1
[    0.000000] PERCPU: Embedded 33 pages/cpu @ffff88003fc00000 s98264 r8192 d28712 u1048576
[    0.000000] PV qspinlock hash table entries: 256 (order: 0, 4096 bytes)
[    0.000000] Built 1 zonelists in Node order, mobility grouping on.  Total pages: 257913
[    0.000000] Policy zone: DMA32
[    0.000000] Kernel command line: BOOT_IMAGE=/boot/vmlinuz-4.4.0-77-generic root=LABEL=cloudimg-rootfs ro console=tty1 console=ttyS0
[    0.000000] PID hash table entries: 4096 (order: 3, 32768 bytes)
[    0.000000] Memory: 1001772K/1048120K available (8449K kernel code, 1294K rwdata, 3980K rodata, 1484K init, 1316K bss, 46348K reserved, 0K cma-reserved)
[    0.000000] SLUB: HWalign=64, Order=0-3, MinObjects=0, CPUs=2, Nodes=1
[    0.000000] Hierarchical RCU implementation.
[    0.000000] 	Build-time adjustment of leaf fanout to 64.
[    0.000000] 	RCU restricting CPUs from NR_CPUS=512 to nr_cpu_ids=2.
[    0.000000] RCU: Adjusting geometry for rcu_fanout_leaf=64, nr_cpu_ids=2
[    0.000000] NR_IRQS:33024 nr_irqs:440 16
[    0.000000] Console: colour VGA+ 80x25
[    0.000000] console [tty1] enabled
[    0.000000] console [ttyS0] enabled
[    0.000000] tsc: Detected 2494.226 MHz processor
[   13.739342] Calibrating delay loop (skipped) preset value.. 4988.45 BogoMIPS (lpj=9976904)
[   13.927511] pid_max: default: 32768 minimum: 301
[   14.041937] ACPI: Core revision 20150930
[   14.150699] ACPI: 2 ACPI AML tables successfully acquired and loaded
[   14.264521] Security Framework initialized
[   14.348867] Yama: becoming mindful.
[   14.433013] AppArmor: AppArmor initialized
[   14.527803] Dentry cache hash table entries: 131072 (order: 8, 1048576 bytes)
[   14.697666] Inode-cache hash table entries: 65536 (order: 7, 524288 bytes)
[   14.799482] Mount-cache hash table entries: 2048 (order: 2, 16384 bytes)
[   14.853433] Mountpoint-cache hash table entries: 2048 (order: 2, 16384 bytes)
[   15.036512] Initializing cgroup subsys io
[   15.122201] Initializing cgroup subsys memory
[   15.233637] Initializing cgroup subsys devices
[   15.338156] Initializing cgroup subsys freezer
[   15.460112] Initializing cgroup subsys net_cls
[   15.575650] Initializing cgroup subsys perf_event
[   15.684869] Initializing cgroup subsys net_prio
[   15.797759] Initializing cgroup subsys hugetlb
[   15.868426] Initializing cgroup subsys pids
[   15.914222] CPU: Physical Processor ID: 0
[   15.997389] CPU: Processor Core ID: 0
[   16.098386] mce: CPU supports 0 MCE banks
[   16.205826] Last level iTLB entries: 4KB 1024, 2MB 1024, 4MB 1024
[   16.374486] Last level dTLB entries: 4KB 1024, 2MB 1024, 4MB 1024, 1GB 4
[   16.524768] Freeing SMP alternatives memory: 32K (ffffffff820b8000 - ffffffff820c0000)
[   16.726547] ftrace: allocating 32117 entries in 126 pages
[   16.918424] smpboot: APIC(0) Converting physical 0 to logical package 0
[   17.001914] smpboot: Max logical packages: 1
[   17.101352] x2apic enabled
[   17.174905] Switched APIC routing to physical x2apic.
[   17.291519] ..TIMER: vector=0x30 apic1=0 pin1=2 apic2=-1 pin2=-1
[   17.562234] smpboot: CPU0: Intel(R) Core(TM) i7-4870HQ CPU @ 2.50GHz (family: 0x6, model: 0x46, stepping: 0x1)
[   17.839426] Performance Events: unsupported p6 CPU model 70 no PMU driver, software events only.
[   18.058935] KVM setup paravirtual spinlock
[   18.092634] x86: Booting SMP configuration:
[   18.134647] .... node  #0, CPUs:      #1
[   18.165524] kvm-clock: cpu 1, msr 0:3ffe3041, secondary cpu clock
[   18.183489] mce: CPU supports 0 MCE banks
[   18.187980] x86: Booted up 1 node, 2 CPUs
[   18.296623] smpboot: Total of 2 processors activated (9976.90 BogoMIPS)
[   18.488670] devtmpfs: initialized
[   18.586663] evm: security.selinux
[   18.668854] evm: security.SMACK64
[   18.752211] evm: security.SMACK64EXEC
[   18.841800] evm: security.SMACK64TRANSMUTE
[   18.937315] evm: security.SMACK64MMAP
[   19.030893] evm: security.ima
[   19.110277] evm: security.capability
[   19.175408] clocksource: jiffies: mask: 0xffffffff max_cycles: 0xffffffff, max_idle_ns: 7645041785100000 ns
[   19.307568] futex hash table entries: 512 (order: 3, 32768 bytes)
[   19.433428] pinctrl core: initialized pinctrl subsystem
[   19.573807] RTC time:  0:52:43, date: 05/03/17
[   19.693227] NET: Registered protocol family 16
[   19.816167] cpuidle: using governor ladder
[   19.923477] cpuidle: using governor menu
[   20.002156] PCCT header not found.
[   20.077384] ACPI: bus type PCI registered
[   20.159696] acpiphp: ACPI Hot Plug PCI Controller Driver version: 0.5
[   20.246373] PCI: Using configuration type 1 for base access
[   20.311937] ACPI: Added _OSI(Module Device)
[   20.347814] ACPI: Added _OSI(Processor Device)
[   20.449540] ACPI: Added _OSI(3.0 _SCP Extensions)
[   20.547182] ACPI: Added _OSI(Processor Aggregator Device)
[   20.691588] ACPI: Executed 1 blocks of module-level executable AML code
[   20.875339] ACPI: Interpreter enabled
[   20.960936] ACPI: (supports S0 S5)
[   21.043626] ACPI: Using IOAPIC for interrupt routing
[   21.186288] PCI: Using host bridge windows from ACPI; if necessary, use "pci=nocrs" and report a bug
[   21.393936] ACPI: PCI Root Bridge [PCI0] (domain 0000 [bus 00-ff])
[   21.427378] acpi PNP0A03:00: _OSC: OS supports [ASPM ClockPM Segments MSI]
[   21.552013] acpi PNP0A03:00: _OSC failed (AE_NOT_FOUND); disabling ASPM
[   21.735724] acpi PNP0A03:00: fail to add MMCONFIG information, can't access extended PCI configuration space under this bridge.
[   22.010436] PCI host bridge to bus 0000:00
[   22.129541] pci_bus 0000:00: root bus resource [io  0x0000-0x0cf7 window]
[   22.289714] pci_bus 0000:00: root bus resource [io  0x0d00-0xffff window]
[   22.473088] pci_bus 0000:00: root bus resource [mem 0x000a0000-0x000bffff window]
[   22.529910] pci_bus 0000:00: root bus resource [mem 0x40000000-0xffdfffff window]
[   22.544048] pci_bus 0000:00: root bus resource [bus 00-ff]
[   22.701628] pci 0000:00:01.1: legacy IDE quirk: reg 0x10: [io  0x01f0-0x01f7]
[   22.883547] pci 0000:00:01.1: legacy IDE quirk: reg 0x14: [io  0x03f6]
[   23.067084] pci 0000:00:01.1: legacy IDE quirk: reg 0x18: [io  0x0170-0x0177]
[   23.261804] pci 0000:00:01.1: legacy IDE quirk: reg 0x1c: [io  0x0376]
[   23.438391] pci 0000:00:07.0: quirk: [io  0x4000-0x403f] claimed by PIIX4 ACPI
[   23.598692] pci 0000:00:07.0: quirk: [io  0x4100-0x410f] claimed by PIIX4 SMB
[   23.710465] ACPI: PCI Interrupt Link [LNKA] (IRQs 5 9 10 *11)
[   23.832971] ACPI: PCI Interrupt Link [LNKB] (IRQs 5 9 10 *11)
[   23.975341] ACPI: PCI Interrupt Link [LNKC] (IRQs 5 9 *10 11)
[   24.104052] ACPI: PCI Interrupt Link [LNKD] (IRQs 5 *9 10 11)
[   24.243220] ACPI: Enabled 2 GPEs in block 00 to 07
[   24.378769] vgaarb: setting as boot device: PCI:0000:00:02.0
[   24.509474] vgaarb: device added: PCI:0000:00:02.0,decodes=io+mem,owns=io+mem,locks=none
[   24.679223] vgaarb: loaded
[   24.695867] vgaarb: bridge control possible 0000:00:02.0
[   24.719924] SCSI subsystem initialized
[   24.763758] ACPI: bus type USB registered
[   24.845016] usbcore: registered new interface driver usbfs
[   24.971944] usbcore: registered new interface driver hub
[   25.107897] usbcore: registered new device driver usb
[   25.152471] PCI: Using ACPI for IRQ routing
[   25.153409] NetLabel: Initializing
[   25.153996] NetLabel:  domain hash size = 128
[   25.154681] NetLabel:  protocols = UNLABELED CIPSOv4
[   25.155456] NetLabel:  unlabeled traffic allowed by default
[   25.182502] amd_nb: Cannot enumerate AMD northbridges
[   25.298055] clocksource: Switched to clocksource kvm-clock
[   25.450746] AppArmor: AppArmor Filesystem Enabled
[   25.584888] pnp: PnP ACPI init
[   25.656540] pnp: PnP ACPI: found 3 devices
[   25.777693] clocksource: acpi_pm: mask: 0xffffff max_cycles: 0xffffff, max_idle_ns: 2085701024 ns
[   25.858837] NET: Registered protocol family 2
[   25.967391] TCP established hash table entries: 8192 (order: 4, 65536 bytes)
[   26.165684] TCP bind hash table entries: 8192 (order: 5, 131072 bytes)
[   26.351308] TCP: Hash tables configured (established 8192 bind 8192)
[   26.512365] UDP hash table entries: 512 (order: 2, 16384 bytes)
[   26.692085] UDP-Lite hash table entries: 512 (order: 2, 16384 bytes)
[   26.873879] NET: Registered protocol family 1
[   26.974611] pci 0000:00:00.0: Limiting direct PCI/PCI transfers
[   27.133094] pci 0000:00:01.0: Activating ISA DMA hang workarounds
[   27.313092] Unpacking initramfs...
[   28.865230] Freeing initrd memory: 10808K (ffff880036ad4000 - ffff880037562000)
[   29.041582] platform rtc_cmos: registered platform RTC device (no PNP device found)
[   29.203714] Scanning for low memory corruption every 60 seconds
[   29.362664] audit: initializing netlink subsys (disabled)
[   29.507780] audit: type=2000 audit(1493772753.022:1): initialized
[   29.679149] Initialise system trusted keyring
[   29.795361] HugeTLB registered 2 MB page size, pre-allocated 0 pages
[   29.980106] zbud: loaded
[   30.042292] tsc: Refined TSC clocksource calibration: 2494.276 MHz
[   30.204958] clocksource: tsc: mask: 0xffffffffffffffff max_cycles: 0x23f41a8dacc, max_idle_ns: 440795277749 ns
ÿ[   30.205261] VFS: Disk quotas dquot_6.6.0
[   30.205363] VFS: Dquot-cache hash table entries: 512 (order 0, 4096 bytes)
[   30.205686] squashfs: version 4.0 (2009/01/31) Phillip Lougher
[   30.206002] fuse init (API version 7.23)
[   30.206118] Key type big_key registered
[   30.206136] Allocating IMA MOK and blacklist keyrings.
[   30.206387] Key type asymmetric registered
[   30.206394] Asymmetric key parser 'x509' registered
[   30.206434] Block layer SCSI generic (bsg) driver version 0.4 loaded (major 249)
[   30.206461] io scheduler noop registered
[   30.206463] io scheduler deadline registered (default)
[   30.206493] io scheduler cfq registered
[   30.206598] pci_hotplug: PCI Hot Plug PCI Core version: 0.5
[   30.206604] pciehp: PCI Express Hot Plug Controller Driver version: 0.4
[   30.206933] ACPI: AC Adapter [AC] (on-line)
[   30.206996] input: Power Button as /devices/LNXSYSTM:00/LNXPWRBN:00/input/input0
[   30.206999] ACPI: Power Button [PWRF]
[   30.207069] input: Sleep Button as /devices/LNXSYSTM:00/LNXSLPBN:00/input/input1
[   30.207070] ACPI: Sleep Button [SLPF]
[   30.207228] GHES: HEST is not enabled!
[   30.208386] ACPI: Battery Slot [BAT0] (battery present)
[   30.208436] Serial: 8250/16550 driver, 32 ports, IRQ sharing enabled
[   30.455718] 00:02: ttyS0 at I/O 0x3f8 (irq = 4, base_baud = 115200) is a 16550A
[   30.555058] Linux agpgart interface v0.103
[   30.768858] loop: module loaded
[   30.769257] scsi host0: ata_piix
[   30.769298] scsi host1: ata_piix
[   30.769320] ata1: PATA max UDMA/33 cmd 0x1f0 ctl 0x3f6 bmdma 0xd000 irq 14
[   30.769321] ata2: PATA max UDMA/33 cmd 0x170 ctl 0x376 bmdma 0xd008 irq 15
[   30.769377] libphy: Fixed MDIO Bus: probed
[   30.769379] tun: Universal TUN/TAP device driver, 1.6
[   30.769379] tun: (C) 1999-2004 Max Krasnyansky <maxk@qualcomm.com>
[   30.769626] PPP generic driver version 2.4.2
[   30.769678] ehci_hcd: USB 2.0 'Enhanced' Host Controller (EHCI) Driver
[   30.769681] ehci-pci: EHCI PCI platform driver
[   30.769691] ehci-platform: EHCI generic platform driver
[   30.769698] ohci_hcd: USB 1.1 'Open' Host Controller (OHCI) Driver
[   30.769700] ohci-pci: OHCI PCI platform driver
[   30.769707] ohci-platform: OHCI generic platform driver
[   30.769712] uhci_hcd: USB Universal Host Controller Interface driver
[   30.769753] i8042: PNP: PS/2 Controller [PNP0303:PS2K,PNP0f03:PS2M] at 0x60,0x64 irq 1,12
[   30.936148] serio: i8042 KBD port at 0x60,0x64 irq 1
[   30.936153] serio: i8042 AUX port at 0x60,0x64 irq 12
[   30.936255] mousedev: PS/2 mouse device common for all mice
[   30.936499] rtc_cmos rtc_cmos: rtc core: registered rtc_cmos as rtc0
[   30.936543] rtc_cmos rtc_cmos: alarms up to one day, 114 bytes nvram
[   30.936548] i2c /dev entries driver
[   30.936597] device-mapper: uevent: version 1.0.3
[   30.936637] device-mapper: ioctl: 4.34.0-ioctl (2015-10-28) initialised: dm-devel@redhat.com
[   30.936687] ledtrig-cpu: registered to indicate activity on CPUs
[   30.936931] NET: Registered protocol family 10
[   30.937057] NET: Registered protocol family 17
[   30.937067] Key type dns_resolver registered
[   31.070029] microcode: CPU0 sig=0x40661, pf=0x40, revision=0x0
[   31.070160] microcode: CPU1 sig=0x40661, pf=0x40, revision=0x0
[   31.070220] microcode: Microcode Update Driver: v2.01 <tigran@aivazian.fsnet.co.uk>, Peter Oruba
[   31.070340] registered taskstats version 1
[   31.070352] Loading compiled-in X.509 certificates
[   31.070860] Loaded X.509 cert 'Build time autogenerated kernel key: 60562572960efd370424d983abb028749c4780ed'
[   31.070882] zswap: loaded using pool lzo/zbud
[   31.071978] Key type trusted registered
[   31.073669] Key type encrypted registered
[   31.073673] AppArmor: AppArmor sha1 policy hashing enabled
[   31.073676] ima: No TPM chip found, activating TPM-bypass!
[   31.073695] evm: HMAC attrs: 0x1
[   31.073931]   Magic number: 1:553:859
[   31.213720] rtc_cmos rtc_cmos: setting system clock to 2017-05-03 00:52:54 UTC (1493772774)
[   31.213852] BIOS EDD facility v0.16 2004-Jun-25, 0 devices found
[   31.213853] EDD information not available.
[   31.753170] input: AT Translated Set 2 keyboard as /devices/platform/i8042/serio0/input/input2
[   39.164281] Freeing unused kernel memory: 1484K (ffffffff81f45000 - ffffffff820b8000)
[   39.477389] Write protecting the kernel read-only data: 14336k
[   39.743010] Freeing unused kernel memory: 1780K (ffff880001843000 - ffff880001a00000)
[   40.117255] Freeing unused kernel memory: 116K (ffff880001de3000 - ffff880001e00000)
Loading, please [   40.212842] random: systemd-udevd: uninitialized urandom read (16 bytes read, 5 bits of entropy available)
wait...
startin[   40.213342] random: udevadm: uninitialized urandom read (16 bytes read, 5 bits of entropy available)
g version 229
[   40.213368] random: udevadm: uninitialized urandom read (16 bytes read, 5 bits of entropy available)
[   40.213455] random: udevadm: uninitialized urandom read (16 bytes read, 5 bits of entropy available)
[   40.213485] random: udevadm: uninitialized urandom read (16 bytes read, 5 bits of entropy available)
[   40.213516] random: udevadm: uninitialized urandom read (16 bytes read, 5 bits of entropy available)
[   40.213545] random: udevadm: uninitialized urandom read (16 bytes read, 5 bits of entropy available)
[   40.213574] random: udevadm: uninitialized urandom read (16 bytes read, 5 bits of entropy available)
[   40.213602] random: udevadm: uninitialized urandom read (16 bytes read, 5 bits of entropy available)
[   40.213631] random: udevadm: uninitialized urandom read (16 bytes read, 5 bits of entropy available)
[   43.138919] e1000: Intel(R) PRO/1000 Network Driver - version 7.3.21-k8-NAPI
[   43.255090] e1000: Copyright (c) 1999-2006 Intel Corporation.
[   43.402244] Fusion MPT base driver 3.04.20
[   43.429787] Copyright (c) 1999-2008 LSI Corporation
[   43.460468] Fusion MPT SPI Host driver 3.04.20
[   43.586326] AVX version of gcm_enc/dec engaged.
[   43.710646] AES CTR mode by8 optimization enabled
[   43.845767] input: ImExPS/2 Generic Explorer Mouse as /devices/platform/i8042/serio1/input/input4
[   44.250289] e1000 0000:00:03.0 eth0: (PCI:33MHz:32-bit) 02:79:13:c3:4f:43
[   44.432030] e1000 0000:00:03.0 eth0: Intel(R) PRO/1000 Network Connection
[   44.548149] e1000 0000:00:03.0 enp0s3: renamed from eth0
[   44.589405] mptbase: ioc0: Initiating bringup
[   44.870488] ioc0: LSI53C1030 A0: Capabilities={Initiator}
[   45.245754] scsi host2: ioc0: LSI53C1030 A0, FwRev=00000000h, Ports=1, MaxQ=256, IRQ=20
[   45.674932] scsi 2:0:0:0: Direct-Access     VBOX     HARDDISK         1.0  PQ: 0 ANSI: 5
[   46.088365] scsi target2:0:0: Beginning Domain Validation
[   46.371496] scsi target2:0:0: Domain Validation skipping write tests
[   46.617443] scsi target2:0:0: Ending Domain Validation
[   46.723894] floppy0: no floppy controllers found
[   46.739910] scsi target2:0:0: asynchronous
[   46.764185] scsi 2:0:1:0: Direct-Access     VBOX     HARDDISK         1.0  PQ: 0 ANSI: 5
[   46.991925] scsi target2:0:1: Beginning Domain Validation
[   47.128878] scsi target2:0:1: Domain Validation skipping write tests
[   47.294802] scsi target2:0:1: Ending Domain Validation
[   47.426133] scsi target2:0:1: asynchronous
[   47.533534] sd 2:0:0:0: [sda] 20971520 512-byte logical blocks: (10.7 GB/10.0 GiB)
[   47.534916] sd 2:0:0:0: Attached scsi generic sg0 type 0
[   47.535855] sd 2:0:0:0: [sda] Write Protect is off
[   47.536815] sd 2:0:0:0: [sda] Incomplete mode parameter data
[   47.694520] sd 2:0:0:0: [sda] Assuming drive cache: write through
[   47.694590] sd 2:0:1:0: Attached scsi generic sg1 type 0
[   47.823642] sd 2:0:1:0: [sdb] 20480 512-byte logical blocks: (10.5 MB/10.0 MiB)
[   48.092641] sd 2:0:1:0: [sdb] Write Protect is off
[   48.276267] sd 2:0:1:0: [sdb] Incomplete mode parameter data
[   48.598937] sd 2:0:1:0: [sdb] Assuming drive cache: write through
[   48.605051]  sda: sda1
[   48.911148] sd 2:0:0:0: [sda] Attached SCSI disk
[   48.964220] sd 2:0:1:0: [sdb] Attached SCSI disk
Begin: Loading e[   50.400036] md: linear personality registered for level -1
ssential drivers[   50.534124] md: multipath personality registered for level -4
 ... [   50.699378] md: raid0 personality registered for level 0
[   50.848559] md: raid1 personality registered for level 1
[   51.046129] raid6: sse2x1   gen() 10018 MB/s
[   51.198388] raid6: sse2x1   xor()  7773 MB/s
[   51.378073] raid6: sse2x2   gen() 14061 MB/s
[   51.570067] raid6: sse2x2   xor()  9564 MB/s
[   51.746602] raid6: sse2x4   gen() 15363 MB/s
[   51.886540] raid6: sse2x4   xor() 11208 MB/s
[   52.006855] raid6: using algorithm sse2x4 gen() 15363 MB/s
[   52.156432] raid6: .... xor() 11208 MB/s, rmw enabled
[   52.227555] raid6: using ssse3x2 recovery algorithm
[   52.266750] xor: automatically using best checksumming function:
[   52.626060]    avx       : 41695.000 MB/sec
[   52.780455] async_tx: api initialized (async)
[   52.922651] md: raid6 personality registered for level 6
[   53.063730] md: raid5 personality registered for level 5
[   53.190631] md: raid4 personality registered for level 4
[   53.326214] md: raid10 personality registered for level 10
done.
Begin: Running /scripts/init-p[   53.392102] Btrfs loaded
remount ... done.
Begin: Mounting root file system ... Begin: Running /scripts/[   53.498676] EXT4-fs (sda1): mounted filesystem with ordered data mode. Opts: (null)
local-top ... done.
Begin: Running /scripts/local-premount ... Scanning for Btrfs filesystems
done.
Warning: fsck not present, so skipping root file system
done.
Begin: Running /scripts/local-bottom ... done.
Begin: Running /scripts/init-bottom ... done.
[   53.769663] systemd[1]: systemd 229 running in system mode. (+PAM +AUDIT +SELINUX +IMA +APPARMOR +SMACK +SYSVINIT +UTMP +LIBCRYPTSETUP +GCRYPT +GNUTLS +ACL +XZ -LZ4 +SECCOMP +BLKID +ELFUTILS +KMOD -IDN)
[   53.898778] systemd[1]: Detected virtualization oracle.
[   54.048471] systemd[1]: Detected architecture x86-64.

Welcome to [1mUbuntu 16.04.2 LTS[0m!

[   54.202579] systemd[1]: Set hostname to <ubuntu>.
[   54.333539] systemd[1]: Initializing machine ID from random generator.
[   54.435688] systemd[1]: Installed transient /etc/machine-id file.
[   54.602245] systemd[1]: Listening on LVM2 metadata daemon socket.
[[0;32m  OK  [0m] Listening on LVM2 metadata daemon socket.
[   54.830491] systemd[1]: Listening on Device-mapper event daemon FIFOs.
[[0;32m  OK  [0m] Listening on Device-mapper event daemon FIFOs.
[   55.087086] systemd[1]: Started Trigger resolvconf update for networkd DNS.
[[0;32m  OK  [0m] Started Trigger resolvconf update for networkd DNS.
[   55.347027] systemd[1]: Created slice User and Session Slice.
[[0;32m  OK  [0m] Created slice User and Session Slice.
[   55.554422] systemd[1]: Set up automount Arbitrary Executable File Formats File System Automount Point.
[[0;32m  OK  [0m] Set up automount Arbitrary Executab...ats File System Automount Point.
[   55.886981] systemd[1]: Listening on udev Control Socket.
[[0;32m  OK  [0m] Listening on udev Control Socket.
[   56.070738] systemd[1]: Listening on LVM2 poll daemon socket.
[[0;32m  OK  [0m] Listening on LVM2 poll daemon socket.
[   56.290449] systemd[1]: Reached target Encrypted Volumes.
[[0;32m  OK  [0m] Reached target Encrypted Volumes.
[   56.498480] systemd[1]: Reached target Swap.
[[0;32m  OK  [0m] Reached target Swap.
[   56.634374] systemd[1]: Listening on Journal Socket.
[[0;32m  OK  [0m] Listening on Journal Socket.
[   56.819157] systemd[1]: Created slice System Slice.
[[0;32m  OK  [0m] Created slice System Slice.
[   57.007155] systemd[1]: Starting Load Kernel Modules...
[   57.159282] random:nnonblocking pool is initialized
         [   57.415619] Loading iSCSI transport class v2.0-870.
Starting Load Ke[   57.702206] iscsi: registered transport (tcp)
rnel Modules...
[   57.752915] iscsi: registered transport (iser)
[   57.758646] systemd[1]: Starting Monitoring of LVM2 mirrors, snapshots etc. using dmeventd or progress polling...
         Starting Monitoring of LVM2 mirrors... dmeventd or progress polling...
[   58.296536] systemd[1]: Starting Set console keymap...
         Starting Set console keymap...
[   58.466642] systemd[1]: Mounting POSIX Message Queue File System...
         Mounting POSIX Message Queue File System...
[   58.822221] systemd[1]: Starting Uncomplicated firewall...
         Starting Uncomplicated firewall...
[   58.862843] systemd[1]: Created slice system-serial\x2dgetty.slice.
[[0;32m  OK  [0m] Created slice system-serial\x2dgetty.slice.
[   59.214512] systemd[1]: oounting Huge Pages File System...
         Mounting Huge Pages File System...
[   59.486585] systemd[1]: Starting Nameserver information manager...
         Starting Nameserver information manager...
[   59.854771] systemd[1]: Starting Remount Root and Kernel File Systems...
[   59.857405] EXT4-fs (sda1): re-mounted. Opts: (null)
         Starting Remount Root and Kernel File Systems...
[   60.015030] systemd[1]: Listening on udev Kernel Socket.
[[0;32m  OK  [0m] Listening on udev Kernel Socket.
[   60.298359] systemd[1]: Reached target User and Group Nam  Lookups.
[[0;32m  OK  [0m] Reached target User and Group Name Lookups.
[   60.599839] systemd[1]: Listening on Syslog Socket.
[[0;32m  OK  [0m] Listening on Syslog Socket.
[   60.806051] systemd[1]: Listening on /dev/initctl Compatibility Named Pipe.
[[0;32m  OK  [0m] Listening on /dev/initctl Compatibility Named Pipe.
[   61.082226] systemd[1]: Mounting Debug File System...
         Mounting Debug File System...
[   61.378753] systemd[1]: Started Forward Password Requests to Wall Directory Watch.

[[0;32m  OK  [0m] Started Forward Password Requests to Wall Directory Watch.
[   61.750863] systemd[1]: Reached target Slices.
[[0;32m  OK  [0m] Reached target Slices.
[   61.970484] systemd[1]: Listening on Journal Socket (/dev/log).
[[0;32m  OK  [0m] Listening on Journal Socket (/dev/log).
[   62.162841] systemd[1]: Starting Create list of required static device nodes for the current kernel...
         Starting Create list of required st... nodes for the current kernel...
[   62.553598] systemd[1]: Listening on Journal Audit Socket.
[[0;32m  OK  [0m] Listening on Journal Audit Socket.
[   62.890529] systemd[1]: Starting Journal Service...
         Starting Journal Service...
[   63.123581] systemd[1]: Mounted Huge Pages File System.
[[0;32m  OK  [0m] Mounted Huge Pages File System.
[   63.250956] systemd[1]: Mounted Debug File System.
[[0;32m  OK  [0m] Mounted Debug File System.
[   63.414839] systemd[1]: Mounted POSIX Message Queue File System.
[[0;32m  OK  [0m] Mounted POSIX Message Queue File System.
[   63.646589] systemd[1]: Started Journal Service.
[[0;32m  OK  [0m] Started Journal Service.
[[0;32m  OK  [0m] Started Load Kernel Modules.
[[0;32m  OK  [0m] Started Set console keymap.
[[0;32m  OK  [0m] Started Uncomplicated firewall.
[[0;32m  OK  [0m] Started Remount Root and Kernel File Systems.
[[0;32m  OK  [0m] Started Create list of required sta...ce nodes for the current kernel.
[[0;32m  OK  [0m] Started Nameserver information manager.
[[0;32m  OK  [0m] Started LVM2 metadata daemon.
         Starting Create Static Device Nodes in /dev...
         Starting udev Coldplug all Devices...
         Starting Load/Save Random Seed...
         Starting Initial cloud-init job (pre-networking)...
         Starting Apply Kernel Variables...
         Mounting FUSE Control File System...
         Starting Flush Journal to Persistent Storage...
[[0;32m  OK  [0m] Mounted FUSE Control File System.
[[0;32m  OK  [0m] Started Monitoring of LVM2 mirrors,...ng dmeventd or progress polling.
[[0;32m  OK  [0m] Started Create Static Device Nodes in /dev.
[[0;32m  OK  [0m] Started Load/Save Random Seed.
[[0;32m  OK  [0m] Started Apply Kernel Variables.
[[0;32m  OK  [0m] Started udev Coldplug all Devices.
[[0;32m  OK  [0m] Started Flush Journal to Persistent Storage.
         Starting udev Kernel Device Manager...
[[0;32m  OK  [0m] Started udev Kernel Device Manager.
[[0;32m  OK  [0m] Started Dispatch Password Requests to Console Directory Watch.
[[0;32m  OK  [0m] Reached target Local File Systems (Pre).
[[0;32m  OK  [0m] Reached target Local File Systems.
         Starting Create Volatile Files and Directories...
         Starting LSB: AppArmor initialization...
         Starting Commit a transient machine-id on disk...
         Starting Set console font and keymap...
         Starting Tell Plymouth To Write Out Runtime Data...
[[0;32m  OK  [0m] Started Create Volatile Files and Directories.
[   40.210930] cloud-init[455]: Cloud-init v. 0.7.9 running 'init-local' at Wed, 03 May 2017 00:53:28 +0000. Up 40.00 seconds.
[[0;32m  OK  [0m] Started Commit a transient machine-id on disk.
[[0;32m  OK  [0m] Started Tell Plymouth To Write Out Runtime Data.
[[0;32m  OK  [0m] Started Initial cloud-init job (pre-networking).
[[0;32m  OK  [0m] Started Set console font and keymap.
[[0;32m  OK  [0m] Found device /dev/ttyS0.
[[0;32m  OK  [0m] Listening on Load/Save RF Kill Switch Status /dev/rfkill Watch.
[[0;32m  OK  [0m] Created slice system-getty.slice.
[[0;32m  OK  [0m] Reached target Network (Pre).
[[0;32m  OK  [0m] Reached target System Time Synchronized.
         Starting Update UTMP about System Boot/Shutdown...
[[0;32m  OK  [0m] Started LSB: AppArmor initialization.
[[0;32m  OK  [0m] Started Update UTMP about System Boot/Shutdown.
[[0;32m  OK  [0m] Started ifup for enp0s3.
         Starting Raise network interfaces...
[[0;32m  OK  [0m] Started Raise network interfaces.
[[0;32m  OK  [0m] Reached target Network.
         Starting Initial cloud-init job (metadata service crawler)...
[   44.055419] cloud-init[943]: Cloud-init v. 0.7.9 running 'init' at Wed, 03 May 2017 00:53:31 +0000. Up 43.60 seconds.
[   44.160687] [cloud-init[0;32m  OK  [0m[943]: ] ci-info: +++++++++++++++++++++++++++++++++++++Net device info++++++++++++++++++++++++++++++++++++++Started Initial cloud-init job (metadata service crawler).

[   44.161152] cloud-init[943]: ci-info: +--------+------+----------------------------+---------------+-------+-------------------+
[   44.380446] [cloud-init[0;32m  OK  [0m[943]: ] ci-info: | Device |  Up  |          Address           |      Mask     | Scope |     Hw-Address    |Reached target Cloud-config availability.

[[0;32m  OK  [0m] Reached target Network is Online.
[   44.380956] cloud-init[943]: ci-info: +--------+------+----------------------------+---------------+-------+-------------------+
[   44.644838]          cloud-initStarting iSCSI initiator daemon (iscsid)...[943]: 
ci-info: | enp0s3 | True |         10.0.2.15          | 255.255.255.0 |   .   | 02:79:13:c3:4f:43 |
[   44.780661] [cloud-init[0;32m  OK  [0m[943]: ] ci-info: | enp0s3 | True | fe80::79:13ff:fec3:4f43/64 |       .       |  link | 02:79:13:c3:4f:43 |Reached target System Initialization.

         Starting Socket activation for snappy daemon.
[   44.781173] cloud-init[943]: ci-info: |   lo   | True |         127.0.0.1          |   255.0.0.0   |   .   |         .         |
[   45.040445] [cloud-init[0;32m  OK  [0m[943]: ] ci-info: |   lo   | True |          ::1/128           |       .       |  host |         .         |Started ACPI Events Check.

[[0;32m  OK  [0m] Reached target Paths.
[   45.040946] cloud-init[943]: ci-info: +--------+------+----------------------------+---------------+-------+-------------------+
[   45.236775]          cloud-initStarting LXD - unix socket.[943]: 
ci-info: +++++++++++++++++++++++++++Route IPv4 info++++++++++++++++++++++++++++
[   45.344979] [cloud-init[0;32m  OK  [0m[943]: ] ci-info: +-------+-------------+----------+---------------+-----------+-------+Started Daily apt activities.

[[0;32m  OK  [0m] Listening on UUID daemon activation socket.
[[0;32m  OK  [0m] Listening on ACPID Listen Socket.
[   45.345734] cloud-init[943]: ci-info: | Route | Destination | Gateway  |    Genmask    | Interface | Flags |
[   45.597029] [cloud-init[0;32m  OK  [0m[943]: ] ci-info: +-------+-------------+----------+---------------+-----------+-------+Started Daily Cleanup of Temporary Directories.

[[0;32m  OK  [0m] Listening on D-Bus System Message Bus Socket.
[[0;32m  OK  [0m] Started Timer to automatically refresh installed snaps.
[   45.597785] cloud-init[943]: ci-info: |   0   |   0.0.0.0   | 10.0.2.2 |    0.0.0.0    |   enp0s3  |   UG  |[
[0;32m  OK  [0m] Reached target Timers.
[   45.900321] [cloud-init[0;32m  OK  [0m[943]: ] ci-info: |   1   |   10.0.2.0  | 0.0.0.0  | 255.255.255.0 |   enp0s3  |   U   |Listening on Socket activation for snappy daemon.

[[0;32m  OK  [0m] Listening on LXD - unix socket.
[[0;32m  OK  [0m] Started iSCSI initiator daemon (iscsid).
[   45.900744] cloud-init[943]: ci-info: +-------+-------------+----------+---------------+-----------+-------+
[   46.200383]          cloud-initStarting Login to default iSCSI targets...[943]: 
Generating public/private rsa key pair.
[   46.272495] [cloud-init[0;32m  OK  [0m[943]: ] Your identification has been saved in /etc/ssh/ssh_host_rsa_key.Reached target Sockets.

[[0;32m  OK  [0m] Reached target Basic System.
[   46.272882] cloud-init[943]: Your public key has been saved in /etc/ssh/ssh_host_rsa_key.pub.
[   46.476914]          cloud-initStarting LSB: Record successful boot for GRUB...[943]: 
The key fingerprint is:
[   46.568659]          cloud-initStarting System Logging Service...[943]: 
SHA256:feN3usIVvJh7OPM26mSkWxEFK16fuEyZVU837vUYq/o root@ubuntu-xenial
[   46.684797]          cloud-initStarting Accounts Service...[943]: 
The key's randomart image is:
[   46.752620] [cloud-init[0;32m  OK  [0m[943]: ] +---[RSA 2048]----+Started Deferred execution scheduler.

[   46.753129] cloud-init[943]: |            ....+|
[   46.872793] [cloud-init[0;32m  OK  [0m[943]: ] |             o.o+|Started Regular background program processing daemon.

[   46.873252] cloud-init[943]: |          . +.o.o|
[   46.997075]          cloud-initStarting LSB: MD monitoring daemon...[943]: 
|         o o B+=o|
[   47.025319] [[0;32m  OK  [0m] Started D-Bus System Message Bus.
cloud-init[943]: |        S o Xo=+.|
[   47.026676] cloud-init[943]: |           Bo=o  |[[0;32m  OK  [0m] Started FUSE filesystem for LXC.
[[0;32m  OK  [0m] Started ACPI event daemon.

[   47.072810]          cloud-initStarting /etc/rc.local Compatibility...[943]: 
|          ..O+. .|
[   47.124443]          cloud-initStarting Apply the settings specified in cloud-config...[943]: 
|           *B.+o |
[   47.151571]          Starting LXD - container startup/shutdown...
cloud-init[943]:          Starting Login Service...
|          ooEO+o |
         Starting Pollinate to seed the pseudo random number generator...
[   47.201018] cloud-init[943]: +----[SHA256]-----+
[   47.316250] [cloud-init[0;32m  OK  [0m[943]: ] Generating public/private dsa key pair.Started Snappy daemon.

[   47.316624] cloud-init[943]: Your identification has been saved in /etc/ssh/ssh_host_dsa_key.
[   47.497066]          cloud-initStarting Auto import assertions from block devices...[943]: 
Your public key has been saved in /etc/ssh/ssh_host_dsa_key.pub.
[   47.604605] [cloud-init[0;32m  OK  [0m[943]: ] The key fingerprint is:Started System Logging Service.

[   47.604962] cloud-init[943]: SHA256:KbzmBCkFuAJewK7bNEXqGhH+2vuc/BuGPSwat9qb0LY root@ubuntu-xenial
[   47.768727] cloud-init[943]: [The key's randomart image is:[0;32m  OK  [0m
] Started /etc/rc.local Compatibility.
[   47.769184] cloud-init[943]: +---[DSA 1024]----+
[   47.976297] [cloud-init[0;32m  OK  [0m[943]: ] |.oo              |Started LXD - container startup/shutdown.

[   47.976647] cloud-init[943]: |+. o.            |
[   48.104214] [cloud-init[0;32m  OK  [0m[943]: ] |=o.o.            |Started Auto import assertions from block devices.

[   48.104655] cloud-init[943]: |++...o   .       |
[   48.250913] [cloud-init[0;32m  OK  [0m[943]: ] |ooo.o o S        |Started Pollinate to seed the pseudo random number generator.

[   48.251394] cloud-init[943]: |o +o..+o         |
[   48.384526] [cloud-init[0;32m  OK  [0m[943]: ] | *o+ *+*         |Started LSB: Record successful boot for GRUB.

[   48.385160] cloud-init[943]: |o...X+B o        |
[[0;32m  OK  [0m] Started Login to default iSCSI targets.
[   48.472360] cloud-init[943]: |   ++E+o.        |
[[0;32m  OK  [0m] Started LSB: MD monitoring daemon.
[   48.544683] cloud-init[943]: +----[SHA256]-----+
[[0;32m  OK  [0m] Started Login Service.
[   48.632326] cloud-init[943]: Generating public/private ecdsa key pair.
[   48.716491]          cloud-initStarting Authenticate and Authorize Users to Run Privileged Tasks...[943]: 
Your identification has been saved in /etc/ssh/ssh_host_ecdsa_key.
[   48.804595] [cloud-init[0;32m  OK  [0m[943]: ] Your public key has been saved in /etc/ssh/ssh_host_ecdsa_key.pub.Reached target Remote File Systems (Pre).

[   48.805060] [cloud-init[0;32m  OK  [0m[943]: ] The key fingerprint is:Reached target Remote File Systems.

[   48.900960] cloud-init[943]: SHA256:MMDYPZvoWdoWgZ6YVJl/TEgK2wAO6uyf4jxDSrghaTI root@ubuntu-xenial
[   48.948941] cloud-init[943]: The key's randomart image is:
[   48.996463]          cloud-initStarting LSB: VirtualBox Linux Additions...[943]: 
+---[ECDSA 256]---+
[   49.032233]          Starting LSB: daemon to balance interrupts for SMP systems...
cloud-init         Starting LSB: automatic crash report generation...
[943]:          Starting Permit User Sessions...
|o.o=o*..         |         Starting LSB: Set the CPU Frequency Scaling governor to "ondemand"...
[[0;32m  OK  [0m] Stopped OpenBSD Secure Shell server.
         Starting OpenBSD Secure Shell server...

[   49.036348] cloud-init[943]: |+ o=*o= .        |
[   49.038132] cloud-init[943]: |.o.+o+oB         |
[   49.080381] [cloud-init[0;32m  OK  [0m[943]: ] |o o + *oo        |Started Authenticate and Authorize Users to Run Privileged Tasks.

[[0;32m  OK  [0m] Started OpenBSD Secure Shell server.
[[0;32m  OK  [0m] Started Permit User Sessions.
[[0;32m  OK  [0m] Started Accounts Service.
[   49.080773] cloud-init[943]: |.+ . = oS        |
[   49.260374] [cloud-init[0;32m  OK  [0m[943]: ] |E+  + o          |Started LSB: Set the CPU Frequency Scaling governor to "ondemand".

[   49.260749] [cloud-init[0;32m  OK  [0m[943]: ] |B=   .           |Started LSB: VirtualBox Linux Additions.

[   49.460678] [cloud-init[0;32m  OK  [0m[943]: ] |++. .            |Started LSB: daemon to balance interrupts for SMP systems.

[   49.461274] cloud-init[943]: |.o+o             |
[[0;32m  OK  [0m] Started Apply the settings specified in cloud-config.
[   49.580377] cloud-init[943]: +----[SHA256]-----+
[   49.620887] [cloud-init[0;32m  OK  [0m[943]: ] Generating public/private ed25519 key pair.Created slice User Slice of ubuntu.

[   49.621525] cloud-init[943]: Your identification has been saved in /etc/ssh/ssh_host_ed25519_key.
[   49.788554] cloud-init[943]: Your public key has been saved in /etc/ssh/ssh_host_ed25519_key.pub.
[   49.864441] cloud-init[943]: The key fingerprint is:
[   49.912603] cloud-init[943]: SHA256:yLEXZ+GGEknSNievhHwLZaKTnYGvCovHbNbRp73dxlE root@ubuntu-xenial
[[0;32m  OK  [0m] Started Session 1 of user ubuntu.
[   49.999647] cloud-init[943]: The key's randomart image is:
[   50.093035] cloud-init[943]: +--[ED25519 256]--+
[   50.093436] cloud-init[943]: |   ..oo.  .      |
         Starting User Manager for UID 1000...
[   50.093595] cloud-init[943]: |  . o.O..o .     |
[   50.244561] cloud-init[943]: |   * Oo=o =      |
         Starting Hold until boot process finishes up...
[   50.291631] cloud-init[943]: |  + B.o=.=    E  |
[   50.368899]          cloud-initStarting Terminate Plymouth Boot Screen...[943]: 
|   o =+oS    .   |
[   50.448567] [cloud-init[0;32m  OK  [0m[943]: ] |. . . +..   .    |Started User Manager for UID 1000.

[   50.449203] cloud-init[943]: |o= . . +   . .   |
[   50.580939] cloud-init[943]: |+ * . . .. .o    |
[   50.581335] cloud-init[943]: | +      .....    |
[[0;32m  OK  [0m] Started LSB: automatic crash report generation.
[   50.581492] cloud-init[943]: +----[SHA256]-----+
[[0;32m  OK  [0m] Started Hold until boot process finishes up.
[[0;32m  OK  [0m] Started Terminate Plymouth Boot Screen.
[   50.688828] cloud-init[1081]: Generating locales (this might take a while)...
[[0;32m  OK  [0m] Started Getty on tty1.
[   50.749266] cloud-init[1081]:   en_US.UTF-8... done
[   50.820560] cloud-init[1081]: Generation complete.
         Starting Set console scheme...
[   50.863539] cloud-init[1081]: Cloud-init v. 0.7.9 running 'modules:config' at Wed, 03 May 2017 00:53:35 +0000. Up 47.35 seconds.
[[0;32m  OK  [0m] Started Serial Getty on ttyS0.
[[0;32m  OK  [0m] Reached target Login Prompts.
[[0;32m  OK  [0m] Reached target Multi-User System.
         Starting Execute cloud user/final scripts...
[[0;32m  OK  [0m] Reached target Graphical Interface.
         Starting Update UTMP about System Runlevel Changes...
[[0;32m  OK  [0m] Started Set console scheme.
[[0;32m  OK  [0m] Started Update UTMP about System Runlevel Changes.
ci-info: no authorized ssh keys fingerprints found for user ubuntu.
<14>May  3 00:53:39 ec2: 
<14>May  3 00:53:39 ec2: #############################################################
<14>May  3 00:53:39 ec2: -----BEGIN SSH HOST KEY FINGERPRINTS-----
<14>May  3 00:53:39 ec2: 1024 SHA256:KbzmBCkFuAJewK7bNEXqGhH+2vuc/BuGPSwat9qb0LY root@ubuntu-xenial (DSA)
<14>May  3 00:53:39 ec2: 256 SHA256:MMDYPZvoWdoWgZ6YVJl/TEgK2wAO6uyf4jxDSrghaTI root@ubuntu-xenial (ECDSA)
<14>May  3 00:53:39 ec2: 256 SHA256:yLEXZ+GGEknSNievhHwLZaKTnYGvCovHbNbRp73dxlE root@ubuntu-xenial (ED25519)
<14>May  3 00:53:39 ec2: 2048 SHA256:feN3usIVvJh7OPM26mSkWxEFK16fuEyZVU837vUYq/o root@ubuntu-xenial (RSA)
<14>May  3 00:53:39 ec2: -----END SSH HOST KEY FINGERPRINTS-----
<14>May  3 00:53:39 ec2: #############################################################
-----BEGIN SSH HOST KEY KEYS-----
ecdsa-sha2-nistp256 AAAAE2VjZHNhLXNoYTItbmlzdHAyNTYAAAAIbmlzdHAyNTYAAABBBCARGYza47KU/93XQd/QCKIAPF74vPHdwPa+/n2mCq/MsCrRC9XS6DWyOgoHtfhiLL+vxwg/nRBADht3OmJZXeI= root@ubuntu-xenial
ssh-ed25519 AAAAC3NzaC1lZDI1NTE5AAAAIOqHN4+mnNz9QxWS9my42+AEbRNB0KV0OzpR/f3j3lP2 root@ubuntu-xenial
ssh-rsa AAAAB3NzaC1yc2EAAAADAQABAAABAQDR6RYuvJoQdMUudV5BidCokSEMAd91xzq//2CsTECCzq8NDuf6yaU9aKZlapyb8WtM8NvjpZfwHaY9CKXsZosvow2JQVwYdiyqOV4xs7g0EE9La9WJUQkxqQuls66wvj+2JyfTtNLrACxFe0OqhxC6543ZnHLUq7obWbiRN9rNUj22HQWAWL64zVOZg6mPU0Q5Kz6CQfBSc2YfUH1029jdCXMDZyz8b6G+M18bz/QaJttRsn+lhp8ba2U0cVUnBta3vftW/4kWsPb8DOLrfH8c5+d/O2zmNRzb25hjb1+x3gpj4u3PGlvofND/6B+AYolklawzd6j6ZegHdPWyBZ6F root@ubuntu-xenial
-----END SSH HOST KEY KEYS-----
[   52.324504] cloud-init[1317]: Cloud-init v. 0.7.9 running 'modules:final' at Wed, 03 May 2017 00:53:39 +0000. Up 51.34 seconds.
[   52.411029] cloud-init[1317]: ci-info: no authorized ssh keys fingerprints found for user ubuntu.
[   52.513204] cloud-init[1317]: Cloud-init v. 0.7.9 finished at Wed, 03 May 2017 00:53:40 +0000. Datasource DataSourceNoCloud [seed=/dev/sdb][dsmode=net].  Up 52.31 seconds
[[0;32m  OK  [0m] Started Execute cloud user/final scripts.
[[0;32m  OK  [0m] Started Session 2 of user ubuntu.
[[0;32m  OK  [0m] Reached target Cloud-init target.

Ubuntu 16.04.2 LTS ubuntu-xenial ttyS0

ubuntu-xenial login:          Stopping User Manager for UID 10
         Stopping LSB: automatic crash report generation...
         Stopping Getty on tty1...
         Stopping Snappy daemon...
[  OK  ] Stopped Daily Cleanup of Temporary Directories.
         Stopping LSB: daemon to balance interrupts for SMP systems...
         Stopping D-Bus System Message Bus...
[  OK  ] Closed Load/Save RF Kill Switch Status /dev/rfkill Watch.
[  OK  ] Unmounted /var/lib/lxcfs.
[  OK  ] Stopped System Logging Service.
[  OK  ] Stopped Accounts Service.
[  OK  ] Stopped Deferred execution scheduler.
[  OK  ] Stopped Regular background program processing daemon.
[  OK  ] Stopped ACPI event daemon.
[  OK  ] Stopped Snappy daemon.
[  OK  ] Stopped Authenticate and Authorize Users to Run Privileged Tasks.
[  OK  ] Stopped OpenBSD Secure Shell server.
[  OK  ] Stopped Getty on tty1.
[  OK  ] Stopped Serial Getty on ttyS0.
[  OK  ] Stopped User Manager for UID 1000.
[  OK  ] Stopped Session 4 of user ubuntu.
[  OK  ] Stopped vboxadd.service.
[  OK  ] Stopped D-Bus System Message Bus.
[  OK  ] Stopped FUSE filesystem for LXC.
[  OK  ] Stopped LSB: Record successful boot for GRUB.
[  OK  ] Stopped LSB: MD monitoring daemon.
[  OK  ] Stopped LXD - container startup/shutdown.
[  OK  ] Stopped LSB: Set the CPU Frequency Scaling governor to "ondemand".
[  OK  ] Stopped LSB: automatic crash report generation.
[  OK  ] Stopped LSB: daemon to balance interrupts for SMP systems.
[  OK  ] Removed slice User Slice of ubuntu.
         Stopping Login Service...
[  OK  ] Removed slice system-serial\x2dgetty.slice.
         Stopping Permit User Sessions...
[  OK  ] Removed slice system-getty.slice.
[  OK  ] Stopped /etc/rc.local Compatibility.
[  OK  ] Stopped Login Service.
[  OK  ] Stopped Permit User Sessions.
[  OK  ] Stopped target Remote File Systems.
[  OK  ] Stopped target Remote File Systems (Pre).
         Stopping Login to default iSCSI targets...
[  OK  ] Stopped target Basic System.
[  OK  ] Stopped target Sockets.
[  OK  ] Closed Syslog Socket.
[  OK  ] Closed ACPID Listen Socket.
[  OK  ] Closed UUID daemon activation socket.
[  OK  ] Closed Socket activation for snappy daemon.
[  OK  ] Closed LXD - unix socket.
[  OK  ] Stopped target Paths.
[  OK  ] Stopped Dispatch Password Requests to Console Directory Watch.
[  OK  ] Stopped Forward Password Requests to Wall Directory Watch.
[  OK  ] Stopped ACPI Events Check.
[  OK  ] Stopped target Slices.
[  OK  ] Stopped target User and Group Name Lookups.
[  OK  ] Removed slice User and Session Slice.
[  OK  ] Closed D-Bus System Message Bus Socket.
[  OK  ] Stopped target System Initialization.
[  OK  ] Stopped target Encrypted Volumes.
[  OK  ] Stopped Commit a transient machine-id on disk.
[  OK  ] Stopped target Swap.
         Stopping Load/Save Random Seed...
[  OK  ] Stopped Create Volatile Files and Directories.
[  OK  ] Stopped Load/Save Random Seed.
[  OK  ] Stopped Login to default iSCSI targets.
         Stopping iSCSI initiator daemon (iscsid)...
[  OK  ] Stopped iSCSI initiator daemon (iscsid).
[  OK  ] Stopped target Network is Online.
[  OK  ] Stopped Initial cloud-init job (metadata service crawler).
[  OK  ] Stopped target Network.
         Stopping Raise network interfaces...
[  OK  ] Stopped Raise network interfaces.
[  OK  ] Stopped Apply Kernel Variables.
[  OK  ] Stopped Load Kernel Modules.
[  OK  ] Stopped target Local File Systems.
         Unmounting /run/user/1000...
         Starting Unattended Upgrades Shutdown...
[  OK  ] Stopped target Network (Pre).
[  OK  ] Stopped Initial cloud-init job (pre-networking).
[  OK  ] Unmounted /run/user/1000.
[  OK  ] Started Unattended Upgrades Shutdown.
[  OK  ] Reached target Unmount All Filesystems.
[  OK  ] Stopped target Local File Systems (Pre).
         Stopping Monitoring of LVM2 mirrors... dmeventd or progress polling...
[  OK  ] Stopped Remount Root and Kernel File Systems.
[  OK  ] Stopped Create Static Device Nodes in /dev.
[  OK  ] Reached target Shutdown.
[  575.260511] reboot: Power down
